Assembler report for msx_UAReloaded
Mon Oct 26 11:49:54 2020
Quartus Prime Version 17.0.0 Build 595 04/25/2017 SJ Lite Edition


---------------------
; Table of Contents ;
---------------------
  1. Legal Notice
  2. Assembler Summary
  3. Assembler Settings
  4. Assembler Generated Files
  5. Assembler Device Options: D:/Users/benit/Downloads/UnAmiga/ZXDos/Cores/msx1fpga-1.3/synth/UAReloaded/output_files/msx_UAReloaded.sof
  6. Assembler Device Options: D:/Users/benit/Downloads/UnAmiga/ZXDos/Cores/msx1fpga-1.3/synth/UAReloaded/output_files/msx_UAReloaded.rbf
  7. Assembler Messages



----------------
; Legal Notice ;
----------------
Copyright (C) 2017  Intel Corporation. All rights reserved.
Your use of Intel Corporation's design tools, logic functions 
and other software and tools, and its AMPP partner logic 
functions, and any output files from any of the foregoing 
(including device programming or simulation files), and any 
associated documentation or information are expressly subject 
to the terms and conditions of the Intel Program License 
Subscription Agreement, the Intel Quartus Prime License Agreement,
the Intel MegaCore Function License Agreement, or other 
applicable license agreement, including, without limitation, 
that your use is for the sole purpose of programming logic 
devices manufactured by Intel and sold by Intel or its 
authorized distributors.  Please refer to the applicable 
agreement for further details.



+---------------------------------------------------------------+
; Assembler Summary                                             ;
+-----------------------+---------------------------------------+
; Assembler Status      ; Successful - Mon Oct 26 11:49:54 2020 ;
; Revision Name         ; msx_UAReloaded                        ;
; Top-level Entity Name ; UAReloaded_top                        ;
; Family                ; Cyclone IV E                          ;
; Device                ; EP4CE55F23C8                          ;
+-----------------------+---------------------------------------+


+----------------------------------+
; Assembler Settings               ;
+--------+---------+---------------+
; Option ; Setting ; Default Value ;
+--------+---------+---------------+


+------------------------------------------------------------------------------------------------------------+
; Assembler Generated Files                                                                                  ;
+------------------------------------------------------------------------------------------------------------+
; File Name                                                                                                  ;
+------------------------------------------------------------------------------------------------------------+
; D:/Users/benit/Downloads/UnAmiga/ZXDos/Cores/msx1fpga-1.3/synth/UAReloaded/output_files/msx_UAReloaded.sof ;
; D:/Users/benit/Downloads/UnAmiga/ZXDos/Cores/msx1fpga-1.3/synth/UAReloaded/output_files/msx_UAReloaded.rbf ;
+------------------------------------------------------------------------------------------------------------+


+--------------------------------------------------------------------------------------------------------------------------------------+
; Assembler Device Options: D:/Users/benit/Downloads/UnAmiga/ZXDos/Cores/msx1fpga-1.3/synth/UAReloaded/output_files/msx_UAReloaded.sof ;
+----------------+---------------------------------------------------------------------------------------------------------------------+
; Option         ; Setting                                                                                                             ;
+----------------+---------------------------------------------------------------------------------------------------------------------+
; JTAG usercode  ; 0x00AD9DF7                                                                                                          ;
; Checksum       ; 0x00AD9DF7                                                                                                          ;
+----------------+---------------------------------------------------------------------------------------------------------------------+


+--------------------------------------------------------------------------------------------------------------------------------------+
; Assembler Device Options: D:/Users/benit/Downloads/UnAmiga/ZXDos/Cores/msx1fpga-1.3/synth/UAReloaded/output_files/msx_UAReloaded.rbf ;
+---------------------+----------------------------------------------------------------------------------------------------------------+
; Option              ; Setting                                                                                                        ;
+---------------------+----------------------------------------------------------------------------------------------------------------+
; Raw Binary File     ;                                                                                                                ;
;  Compression Ratio  ; 1                                                                                                              ;
+---------------------+----------------------------------------------------------------------------------------------------------------+


+--------------------+
; Assembler Messages ;
+--------------------+
Info: *******************************************************************
Info: Running Quartus Prime Assembler
    Info: Version 17.0.0 Build 595 04/25/2017 SJ Lite Edition
    Info: Processing started: Mon Oct 26 11:49:50 2020
Info: Command: quartus_asm --read_settings_files=off --write_settings_files=off msx_UAReloaded -c msx_UAReloaded
Warning (18236): Number of processors has not been specified which may cause overloading on shared machines.  Set the global assignment NUM_PARALLEL_PROCESSORS in your QSF to an appropriate value for best performance.
Info (115031): Writing out detailed assembly data for power analysis
Info (115030): Assembler is generating device programming files
Info: Quartus Prime Assembler was successful. 0 errors, 1 warning
    Info: Peak virtual memory: 4699 megabytes
    Info: Processing ended: Mon Oct 26 11:49:54 2020
    Info: Elapsed time: 00:00:04
    Info: Total CPU time (on all processors): 00:00:03


