Flow report for msx_UAReloaded
Mon Oct 26 11:50:07 2020
Quartus Prime Version 17.0.0 Build 595 04/25/2017 SJ Lite Edition


---------------------
; Table of Contents ;
---------------------
  1. Legal Notice
  2. Flow Summary
  3. Flow Settings
  4. Flow Non-Default Global Settings
  5. Flow Elapsed Time
  6. Flow OS Summary
  7. Flow Log
  8. Flow Messages
  9. Flow Suppressed Messages



----------------
; Legal Notice ;
----------------
Copyright (C) 2017  Intel Corporation. All rights reserved.
Your use of Intel Corporation's design tools, logic functions 
and other software and tools, and its AMPP partner logic 
functions, and any output files from any of the foregoing 
(including device programming or simulation files), and any 
associated documentation or information are expressly subject 
to the terms and conditions of the Intel Program License 
Subscription Agreement, the Intel Quartus Prime License Agreement,
the Intel MegaCore Function License Agreement, or other 
applicable license agreement, including, without limitation, 
that your use is for the sole purpose of programming logic 
devices manufactured by Intel and sold by Intel or its 
authorized distributors.  Please refer to the applicable 
agreement for further details.



+----------------------------------------------------------------------------------+
; Flow Summary                                                                     ;
+------------------------------------+---------------------------------------------+
; Flow Status                        ; Successful - Mon Oct 26 11:49:54 2020       ;
; Quartus Prime Version              ; 17.0.0 Build 595 04/25/2017 SJ Lite Edition ;
; Revision Name                      ; msx_UAReloaded                              ;
; Top-level Entity Name              ; UAReloaded_top                              ;
; Family                             ; Cyclone IV E                                ;
; Device                             ; EP4CE55F23C8                                ;
; Timing Models                      ; Final                                       ;
; Total logic elements               ; 11,492 / 55,856 ( 21 % )                    ;
;     Total combinational functions  ; 10,763 / 55,856 ( 19 % )                    ;
;     Dedicated logic registers      ; 4,292 / 55,856 ( 8 % )                      ;
; Total registers                    ; 4292                                        ;
; Total pins                         ; 97 / 325 ( 30 % )                           ;
; Total virtual pins                 ; 0                                           ;
; Total memory bits                  ; 221,485 / 2,396,160 ( 9 % )                 ;
; Embedded Multiplier 9-bit elements ; 21 / 308 ( 7 % )                            ;
; Total PLLs                         ; 1 / 4 ( 25 % )                              ;
+------------------------------------+---------------------------------------------+


+-----------------------------------------+
; Flow Settings                           ;
+-------------------+---------------------+
; Option            ; Setting             ;
+-------------------+---------------------+
; Start date & time ; 10/26/2020 11:43:36 ;
; Main task         ; Compilation         ;
; Revision Name     ; msx_UAReloaded      ;
+-------------------+---------------------+


+-----------------------------------------------------------------------------------------------------------------------------------+
; Flow Non-Default Global Settings                                                                                                  ;
+--------------------------------------+---------------------------------------------+----------------+----------------+------------+
; Assignment Name                      ; Value                                       ; Default Value  ; Entity Name    ; Section Id ;
+--------------------------------------+---------------------------------------------+----------------+----------------+------------+
; ALLOW_POWER_UP_DONT_CARE             ; Off                                         ; On             ; --             ; --         ;
; COMPILER_SIGNATURE_ID                ; 159090360127760.160373061622540             ; --             ; --             ; --         ;
; FITTER_EFFORT                        ; Standard Fit                                ; Auto Fit       ; --             ; --         ;
; MAX_CORE_JUNCTION_TEMP               ; 85                                          ; --             ; --             ; --         ;
; MIN_CORE_JUNCTION_TEMP               ; 0                                           ; --             ; --             ; --         ;
; MISC_FILE                            ; ../../src/syn-UAReloaded/pll1/pll1_inst.vhd ; --             ; --             ; --         ;
; MISC_FILE                            ; ../../src/syn-UAReloaded/pll1/pll1.cmp      ; --             ; --             ; --         ;
; MISC_FILE                            ; ../../src/syn-UAReloaded/pll1/pll1.ppf      ; --             ; --             ; --         ;
; OPTIMIZATION_MODE                    ; High Performance Effort                     ; Balanced       ; --             ; --         ;
; OUTPUT_IO_TIMING_FAR_END_VMEAS       ; Half Signal Swing                           ; --             ; --             ; --         ;
; OUTPUT_IO_TIMING_FAR_END_VMEAS       ; Half Signal Swing                           ; --             ; --             ; --         ;
; OUTPUT_IO_TIMING_NEAR_END_VMEAS      ; Half Vccio                                  ; --             ; --             ; --         ;
; OUTPUT_IO_TIMING_NEAR_END_VMEAS      ; Half Vccio                                  ; --             ; --             ; --         ;
; PARTITION_COLOR                      ; -- (Not supported for targeted family)      ; --             ; UAReloaded_top ; Top        ;
; PARTITION_FITTER_PRESERVATION_LEVEL  ; -- (Not supported for targeted family)      ; --             ; UAReloaded_top ; Top        ;
; PARTITION_NETLIST_TYPE               ; -- (Not supported for targeted family)      ; --             ; UAReloaded_top ; Top        ;
; PHYSICAL_SYNTHESIS_COMBO_LOGIC       ; On                                          ; Off            ; --             ; --         ;
; PHYSICAL_SYNTHESIS_REGISTER_RETIMING ; On                                          ; Off            ; --             ; --         ;
; PLACEMENT_EFFORT_MULTIPLIER          ; 4.0                                         ; 1.0            ; --             ; --         ;
; POWER_BOARD_THERMAL_MODEL            ; None (CONSERVATIVE)                         ; --             ; --             ; --         ;
; POWER_PRESET_COOLING_SOLUTION        ; 23 MM HEAT SINK WITH 200 LFPM AIRFLOW       ; --             ; --             ; --         ;
; PROJECT_OUTPUT_DIRECTORY             ; output_files                                ; --             ; --             ; --         ;
; ROUTER_TIMING_OPTIMIZATION_LEVEL     ; MAXIMUM                                     ; Normal         ; --             ; --         ;
; TOP_LEVEL_ENTITY                     ; UAReloaded_top                              ; msx_UAReloaded ; --             ; --         ;
+--------------------------------------+---------------------------------------------+----------------+----------------+------------+


+-------------------------------------------------------------------------------------------------------------------------------+
; Flow Elapsed Time                                                                                                             ;
+---------------------------+--------------+-------------------------+---------------------+------------------------------------+
; Module Name               ; Elapsed Time ; Average Processors Used ; Peak Virtual Memory ; Total CPU Time (on all processors) ;
+---------------------------+--------------+-------------------------+---------------------+------------------------------------+
; Analysis & Synthesis      ; 00:01:27     ; 1.0                     ; 4973 MB             ; 00:01:39                           ;
; Fitter                    ; 00:04:42     ; 1.1                     ; 5758 MB             ; 00:06:15                           ;
; Assembler                 ; 00:00:04     ; 1.0                     ; 4699 MB             ; 00:00:03                           ;
; TimeQuest Timing Analyzer ; 00:00:12     ; 1.4                     ; 4924 MB             ; 00:00:15                           ;
; Total                     ; 00:06:25     ; --                      ; --                  ; 00:08:12                           ;
+---------------------------+--------------+-------------------------+---------------------+------------------------------------+


+-----------------------------------------------------------------------------------------+
; Flow OS Summary                                                                         ;
+---------------------------+------------------+------------+------------+----------------+
; Module Name               ; Machine Hostname ; OS Name    ; OS Version ; Processor type ;
+---------------------------+------------------+------------+------------+----------------+
; Analysis & Synthesis      ; DESKTOP-FTHCSD1  ; Windows 10 ; 10.0       ; x86_64         ;
; Fitter                    ; DESKTOP-FTHCSD1  ; Windows 10 ; 10.0       ; x86_64         ;
; Assembler                 ; DESKTOP-FTHCSD1  ; Windows 10 ; 10.0       ; x86_64         ;
; TimeQuest Timing Analyzer ; DESKTOP-FTHCSD1  ; Windows 10 ; 10.0       ; x86_64         ;
+---------------------------+------------------+------------+------------+----------------+


------------
; Flow Log ;
------------
quartus_map --read_settings_files=on --write_settings_files=off msx_UAReloaded -c msx_UAReloaded
quartus_fit --read_settings_files=off --write_settings_files=off msx_UAReloaded -c msx_UAReloaded
quartus_asm --read_settings_files=off --write_settings_files=off msx_UAReloaded -c msx_UAReloaded
quartus_sta msx_UAReloaded -c msx_UAReloaded



